<?xml version="1.0" encoding="UTF-8"?>
<testsuite name="ec.edu.espol.CallServiceTest" tests="1" skipped="0" failures="0" errors="0" timestamp="2016-01-05T15:54:03" hostname="wrks129-152fiec" time="0.23">
  <properties/>
  <testcase name="testAddTwoNumbers" classname="ec.edu.espol.CallServiceTest" time="0.23"/>
  <system-out><![CDATA[]]></system-out>
  <system-err><![CDATA[]]></system-err>
</testsuite>
